 [2024-01-18 14:44:57.652 Error] 
Aplicação.......: __projname__
Error...........: TSQLConnector Username: postgres Password: masterkey

USUÁRIO LOGADO
  Filial........: 0
  Matrícula.....: 1
  Login.........: 
  Nome Completo.: 
 
PASTA DO LOG....: /home/paulosspacheco/v/paulosspacheco/LazarusProjects/maricarai_fixe-3.0/projects/templates/mi.ui.lcl.form.linux
ARQUIVO DE LOG..: __projname__.log

 [2024-01-18 15:24:21.432 Error] 
Aplicação.......: __projname__
Error...........: TSQLConnector Username: postgres Password: masterkey

USUÁRIO LOGADO
  Filial........: 0
  Matrícula.....: 1
  Login.........: 
  Nome Completo.: 
 
PASTA DO LOG....: /home/paulosspacheco/v/paulosspacheco/LazarusProjects/maricarai_fixe-3.0/projects/templates/mi.ui.lcl.form.linux
ARQUIVO DE LOG..: __projname__.log

 [2024-01-18 15:25:15.729 Error] 
Aplicação.......: __projname__
Error...........: TSQLConnector Username: postgres Password: masterkey

USUÁRIO LOGADO
  Filial........: 0
  Matrícula.....: 1
  Login.........: 
  Nome Completo.: 
 
PASTA DO LOG....: /home/paulosspacheco/v/paulosspacheco/LazarusProjects/maricarai_fixe-3.0/projects/templates/mi.ui.lcl.form.linux
ARQUIVO DE LOG..: __projname__.log

 [2024-01-18 15:25:52.976 Error] 
Aplicação.......: __projname__
Error...........: TSQLConnector Username: postgres Password: masterkey

USUÁRIO LOGADO
  Filial........: 0
  Matrícula.....: 1
  Login.........: 
  Nome Completo.: 
 
PASTA DO LOG....: /home/paulosspacheco/v/paulosspacheco/LazarusProjects/maricarai_fixe-3.0/projects/templates/mi.ui.lcl.form.linux
ARQUIVO DE LOG..: __projname__.log

 [2024-01-18 15:27:16.201 Error] 
Aplicação.......: __projname__
Error...........: TSQLConnector Username: postgres Password: masterkey

USUÁRIO LOGADO
  Filial........: 0
  Matrícula.....: 1
  Login.........: 
  Nome Completo.: 
 
PASTA DO LOG....: /home/paulosspacheco/v/paulosspacheco/LazarusProjects/maricarai_fixe-3.0/projects/templates/mi.ui.lcl.form.linux
ARQUIVO DE LOG..: __projname__.log

 [2024-01-18 15:34:09.900 Error] 
Aplicação.......: __projname__
Error...........: TSQLConnector Username: postgres Password: masterkey

USUÁRIO LOGADO
  Filial........: 0
  Matrícula.....: 1
  Login.........: 
  Nome Completo.: 
 
PASTA DO LOG....: /home/paulosspacheco/v/paulosspacheco/LazarusProjects/maricarai_fixe-3.0/projects/templates/mi.ui.lcl.form.linux
ARQUIVO DE LOG..: __projname__.log

 [2024-01-18 16:57:23.943 Error] 
Aplicação.......: __projname__
Error...........: TSQLConnector Username: postgres Password: masterkey

USUÁRIO LOGADO
  Filial........: 0
  Matrícula.....: 1
  Login.........: 
  Nome Completo.: 
 
PASTA DO LOG....: /home/paulosspacheco/v/paulosspacheco/LazarusProjects/maricarai_fixe-3.0/projects/templates/mi.ui.lcl.form.linux
ARQUIVO DE LOG..: __projname__.log

 [2024-01-18 17:02:43.599 Error] 
Aplicação.......: __projname__
Error...........: TSQLConnector Username: postgres Password: masterkey

USUÁRIO LOGADO
  Filial........: 0
  Matrícula.....: 1
  Login.........: 
  Nome Completo.: 
 
PASTA DO LOG....: /home/paulosspacheco/v/paulosspacheco/LazarusProjects/maricarai_fixe-3.0/projects/templates/mi.ui.lcl.form.linux
ARQUIVO DE LOG..: __projname__.log

 [2024-01-18 17:07:05.392 Error] 
Aplicação.......: __projname__
Error...........: TSQLConnector Username: postgres Password: masterkey

USUÁRIO LOGADO
  Filial........: 0
  Matrícula.....: 1
  Login.........: 
  Nome Completo.: 
 
PASTA DO LOG....: /home/paulosspacheco/v/paulosspacheco/LazarusProjects/maricarai_fixe-3.0/projects/templates/mi.ui.lcl.form.linux
ARQUIVO DE LOG..: __projname__.log

