\BOOKMARK [0][-]{chapter.1}{\376\377\000U\000n\000i\000t\000\040\000C\000l\000a\000s\000s\000e\000s\000\137\000C}{}% 1
\BOOKMARK [1][-]{section.1.1}{\376\377\000V\000i\000s\000\343\000o\000\040\000G\000e\000r\000a\000l}{chapter.1}% 2
\BOOKMARK [1][-]{section.1.2}{\376\377\000C\000l\000a\000s\000s\000e\000s\000,\000\040\000I\000n\000t\000e\000r\000f\000a\000c\000e\000s\000,\000\040\000O\000b\000j\000e\000t\000o\000s\000\040\000e\000\040\000R\000e\000g\000i\000s\000t\000r\000o\000s}{chapter.1}% 3
\BOOKMARK [1][-]{section.1.3}{\376\377\000F\000u\000n\000\347\000\365\000e\000s\000\040\000e\000\040\000P\000r\000o\000c\000e\000d\000i\000m\000e\000n\000t\000o\000s}{chapter.1}% 4
\BOOKMARK [0][-]{chapter.2}{\376\377\000P\000r\000o\000g\000r\000a\000m\000\040\000f\000p\000m\000a\000k\000e}{}% 5
\BOOKMARK [1][-]{section.2.1}{\376\377\000U\000s\000e\000s}{chapter.2}% 6
\BOOKMARK [0][-]{chapter.3}{\376\377\000P\000r\000o\000g\000r\000a\000m\000\040\000h\000t\000t\000p\000p\000r\000o\000j\000e\000c\000t\0001}{}% 7
\BOOKMARK [1][-]{section.3.1}{\376\377\000U\000s\000e\000s}{chapter.3}% 8
\BOOKMARK [0][-]{chapter.4}{\376\377\000U\000n\000i\000t\000\040\000m\000i\000.\000r\000t\000l}{}% 9
\BOOKMARK [1][-]{section.4.1}{\376\377\000U\000s\000e\000s}{chapter.4}% 10
\BOOKMARK [0][-]{chapter.5}{\376\377\000U\000n\000i\000t\000\040\000m\000i\000.\000r\000t\000l\000.\000A\000p\000p\000l\000i\000c\000a\000t\000i\000o\000n\000A\000b\000s\000t\000r\000a\000c\000t}{}% 11
\BOOKMARK [1][-]{section.5.1}{\376\377\000U\000s\000e\000s}{chapter.5}% 12
\BOOKMARK [1][-]{section.5.2}{\376\377\000V\000i\000s\000\343\000o\000\040\000G\000e\000r\000a\000l}{chapter.5}% 13
\BOOKMARK [1][-]{section.5.3}{\376\377\000C\000l\000a\000s\000s\000e\000s\000,\000\040\000I\000n\000t\000e\000r\000f\000a\000c\000e\000s\000,\000\040\000O\000b\000j\000e\000t\000o\000s\000\040\000e\000\040\000R\000e\000g\000i\000s\000t\000r\000o\000s}{chapter.5}% 14
\BOOKMARK [0][-]{chapter.6}{\376\377\000U\000n\000i\000t\000\040\000m\000i\000.\000r\000t\000l\000.\000C\000l\000a\000s\000s\000\137\000O\000f\000\137\000C\000h\000a\000r}{}% 15
\BOOKMARK [1][-]{section.6.1}{\376\377\000U\000s\000e\000s}{chapter.6}% 16
\BOOKMARK [1][-]{section.6.2}{\376\377\000V\000i\000s\000\343\000o\000\040\000G\000e\000r\000a\000l}{chapter.6}% 17
\BOOKMARK [1][-]{section.6.3}{\376\377\000C\000l\000a\000s\000s\000e\000s\000,\000\040\000I\000n\000t\000e\000r\000f\000a\000c\000e\000s\000,\000\040\000O\000b\000j\000e\000t\000o\000s\000\040\000e\000\040\000R\000e\000g\000i\000s\000t\000r\000o\000s}{chapter.6}% 18
\BOOKMARK [0][-]{chapter.7}{\376\377\000U\000n\000i\000t\000\040\000m\000i\000.\000r\000t\000l\000.\000C\000o\000n\000s\000t\000s}{}% 19
\BOOKMARK [1][-]{section.7.1}{\376\377\000D\000e\000s\000c\000r\000i\000\347\000\343\000o}{chapter.7}% 20
\BOOKMARK [1][-]{section.7.2}{\376\377\000U\000s\000e\000s}{chapter.7}% 21
\BOOKMARK [1][-]{section.7.3}{\376\377\000V\000i\000s\000\343\000o\000\040\000G\000e\000r\000a\000l}{chapter.7}% 22
\BOOKMARK [1][-]{section.7.4}{\376\377\000C\000l\000a\000s\000s\000e\000s\000,\000\040\000I\000n\000t\000e\000r\000f\000a\000c\000e\000s\000,\000\040\000O\000b\000j\000e\000t\000o\000s\000\040\000e\000\040\000R\000e\000g\000i\000s\000t\000r\000o\000s}{chapter.7}% 23
\BOOKMARK [1][-]{section.7.5}{\376\377\000C\000o\000n\000s\000t\000a\000n\000t\000e\000s}{chapter.7}% 24
\BOOKMARK [0][-]{chapter.8}{\376\377\000U\000n\000i\000t\000\040\000m\000i\000.\000r\000t\000l\000.\000C\000o\000n\000s\000t\000s\000.\000S\000t\000r\000E\000r\000r\000o\000r}{}% 25
\BOOKMARK [1][-]{section.8.1}{\376\377\000D\000e\000s\000c\000r\000i\000\347\000\343\000o}{chapter.8}% 26
\BOOKMARK [1][-]{section.8.2}{\376\377\000U\000s\000e\000s}{chapter.8}% 27
\BOOKMARK [1][-]{section.8.3}{\376\377\000V\000i\000s\000\343\000o\000\040\000G\000e\000r\000a\000l}{chapter.8}% 28
\BOOKMARK [1][-]{section.8.4}{\376\377\000C\000l\000a\000s\000s\000e\000s\000,\000\040\000I\000n\000t\000e\000r\000f\000a\000c\000e\000s\000,\000\040\000O\000b\000j\000e\000t\000o\000s\000\040\000e\000\040\000R\000e\000g\000i\000s\000t\000r\000o\000s}{chapter.8}% 29
\BOOKMARK [0][-]{chapter.9}{\376\377\000U\000n\000i\000t\000\040\000m\000i\000.\000r\000t\000l\000.\000C\000o\000n\000s\000t\000s\000.\000S\000t\000r\000i\000n\000g\000L\000i\000s\000t}{}% 30
\BOOKMARK [1][-]{section.9.1}{\376\377\000U\000s\000e\000s}{chapter.9}% 31
\BOOKMARK [1][-]{section.9.2}{\376\377\000V\000i\000s\000\343\000o\000\040\000G\000e\000r\000a\000l}{chapter.9}% 32
\BOOKMARK [1][-]{section.9.3}{\376\377\000C\000l\000a\000s\000s\000e\000s\000,\000\040\000I\000n\000t\000e\000r\000f\000a\000c\000e\000s\000,\000\040\000O\000b\000j\000e\000t\000o\000s\000\040\000e\000\040\000R\000e\000g\000i\000s\000t\000r\000o\000s}{chapter.9}% 33
\BOOKMARK [0][-]{chapter.10}{\376\377\000U\000n\000i\000t\000\040\000m\000i\000.\000r\000t\000l\000.\000C\000o\000n\000s\000t\000s\000.\000S\000t\000r\000i\000n\000g\000L\000i\000s\000t\000B\000a\000s\000e}{}% 34
\BOOKMARK [1][-]{section.10.1}{\376\377\000D\000e\000s\000c\000r\000i\000\347\000\343\000o}{chapter.10}% 35
\BOOKMARK [1][-]{section.10.2}{\376\377\000U\000s\000e\000s}{chapter.10}% 36
\BOOKMARK [1][-]{section.10.3}{\376\377\000V\000i\000s\000\343\000o\000\040\000G\000e\000r\000a\000l}{chapter.10}% 37
\BOOKMARK [1][-]{section.10.4}{\376\377\000C\000l\000a\000s\000s\000e\000s\000,\000\040\000I\000n\000t\000e\000r\000f\000a\000c\000e\000s\000,\000\040\000O\000b\000j\000e\000t\000o\000s\000\040\000e\000\040\000R\000e\000g\000i\000s\000t\000r\000o\000s}{chapter.10}% 38
\BOOKMARK [0][-]{chapter.11}{\376\377\000U\000n\000i\000t\000\040\000m\000i\000.\000r\000t\000l\000.\000f\000i\000l\000e\000s}{}% 39
\BOOKMARK [1][-]{section.11.1}{\376\377\000D\000e\000s\000c\000r\000i\000\347\000\343\000o}{chapter.11}% 40
\BOOKMARK [1][-]{section.11.2}{\376\377\000U\000s\000e\000s}{chapter.11}% 41
\BOOKMARK [1][-]{section.11.3}{\376\377\000V\000i\000s\000\343\000o\000\040\000G\000e\000r\000a\000l}{chapter.11}% 42
\BOOKMARK [1][-]{section.11.4}{\376\377\000C\000l\000a\000s\000s\000e\000s\000,\000\040\000I\000n\000t\000e\000r\000f\000a\000c\000e\000s\000,\000\040\000O\000b\000j\000e\000t\000o\000s\000\040\000e\000\040\000R\000e\000g\000i\000s\000t\000r\000o\000s}{chapter.11}% 43
\BOOKMARK [0][-]{chapter.12}{\376\377\000U\000n\000i\000t\000\040\000m\000i\000.\000r\000t\000l\000.\000O\000b\000j\000e\000c\000t\000s\000.\000C\000o\000n\000s\000t\000s}{}% 44
\BOOKMARK [1][-]{section.12.1}{\376\377\000D\000e\000s\000c\000r\000i\000\347\000\343\000o}{chapter.12}% 45
\BOOKMARK [1][-]{section.12.2}{\376\377\000U\000s\000e\000s}{chapter.12}% 46
\BOOKMARK [1][-]{section.12.3}{\376\377\000V\000i\000s\000\343\000o\000\040\000G\000e\000r\000a\000l}{chapter.12}% 47
\BOOKMARK [1][-]{section.12.4}{\376\377\000C\000l\000a\000s\000s\000e\000s\000,\000\040\000I\000n\000t\000e\000r\000f\000a\000c\000e\000s\000,\000\040\000O\000b\000j\000e\000t\000o\000s\000\040\000e\000\040\000R\000e\000g\000i\000s\000t\000r\000o\000s}{chapter.12}% 48
\BOOKMARK [0][-]{chapter.13}{\376\377\000U\000n\000i\000t\000\040\000m\000i\000.\000r\000t\000l\000.\000O\000b\000j\000e\000c\000t\000s\000.\000C\000o\000n\000s\000t\000s\000.\000L\000o\000g\000s}{}% 49
\BOOKMARK [1][-]{section.13.1}{\376\377\000D\000e\000s\000c\000r\000i\000\347\000\343\000o}{chapter.13}% 50
\BOOKMARK [1][-]{section.13.2}{\376\377\000U\000s\000e\000s}{chapter.13}% 51
\BOOKMARK [1][-]{section.13.3}{\376\377\000V\000i\000s\000\343\000o\000\040\000G\000e\000r\000a\000l}{chapter.13}% 52
\BOOKMARK [1][-]{section.13.4}{\376\377\000C\000l\000a\000s\000s\000e\000s\000,\000\040\000I\000n\000t\000e\000r\000f\000a\000c\000e\000s\000,\000\040\000O\000b\000j\000e\000t\000o\000s\000\040\000e\000\040\000R\000e\000g\000i\000s\000t\000r\000o\000s}{chapter.13}% 53
\BOOKMARK [0][-]{chapter.14}{\376\377\000U\000n\000i\000t\000\040\000m\000i\000.\000r\000t\000l\000.\000O\000b\000j\000e\000c\000t\000s\000.\000C\000o\000n\000s\000t\000s\000.\000P\000r\000o\000g\000r\000e\000s\000s\000D\000l\000g\000\137\000I\000f}{}% 54
\BOOKMARK [1][-]{section.14.1}{\376\377\000D\000e\000s\000c\000r\000i\000\347\000\343\000o}{chapter.14}% 55
\BOOKMARK [1][-]{section.14.2}{\376\377\000U\000s\000e\000s}{chapter.14}% 56
\BOOKMARK [1][-]{section.14.3}{\376\377\000V\000i\000s\000\343\000o\000\040\000G\000e\000r\000a\000l}{chapter.14}% 57
\BOOKMARK [1][-]{section.14.4}{\376\377\000C\000l\000a\000s\000s\000e\000s\000,\000\040\000I\000n\000t\000e\000r\000f\000a\000c\000e\000s\000,\000\040\000O\000b\000j\000e\000t\000o\000s\000\040\000e\000\040\000R\000e\000g\000i\000s\000t\000r\000o\000s}{chapter.14}% 58
\BOOKMARK [1][-]{section.14.5}{\376\377\000F\000u\000n\000\347\000\365\000e\000s\000\040\000e\000\040\000P\000r\000o\000c\000e\000d\000i\000m\000e\000n\000t\000o\000s}{chapter.14}% 59
\BOOKMARK [1][-]{section.14.6}{\376\377\000T\000i\000p\000o\000s}{chapter.14}% 60
\BOOKMARK [0][-]{chapter.15}{\376\377\000U\000n\000i\000t\000\040\000m\000i\000.\000r\000t\000l\000.\000o\000b\000j\000e\000c\000t\000s\000.\000c\000o\000n\000s\000t\000s\000.\000s\000t\000r\000i\000n\000g\000s}{}% 61
\BOOKMARK [1][-]{section.15.1}{\376\377\000U\000s\000e\000s}{chapter.15}% 62
\BOOKMARK [0][-]{chapter.16}{\376\377\000U\000n\000i\000t\000\040\000m\000i\000.\000r\000t\000l\000.\000O\000b\000j\000e\000c\000t\000s\000.\000M\000e\000t\000h\000o\000d\000s}{}% 63
\BOOKMARK [1][-]{section.16.1}{\376\377\000D\000e\000s\000c\000r\000i\000\347\000\343\000o}{chapter.16}% 64
\BOOKMARK [1][-]{section.16.2}{\376\377\000U\000s\000e\000s}{chapter.16}% 65
\BOOKMARK [1][-]{section.16.3}{\376\377\000V\000i\000s\000\343\000o\000\040\000G\000e\000r\000a\000l}{chapter.16}% 66
\BOOKMARK [1][-]{section.16.4}{\376\377\000C\000l\000a\000s\000s\000e\000s\000,\000\040\000I\000n\000t\000e\000r\000f\000a\000c\000e\000s\000,\000\040\000O\000b\000j\000e\000t\000o\000s\000\040\000e\000\040\000R\000e\000g\000i\000s\000t\000r\000o\000s}{chapter.16}% 67
\BOOKMARK [0][-]{chapter.17}{\376\377\000U\000n\000i\000t\000\040\000m\000i\000.\000r\000t\000l\000.\000O\000b\000j\000e\000c\000t\000s\000.\000M\000e\000t\000h\000o\000d\000s\000.\000C\000o\000l\000l\000e\000c\000t\000i\000o\000n}{}% 68
\BOOKMARK [1][-]{section.17.1}{\376\377\000D\000e\000s\000c\000r\000i\000\347\000\343\000o}{chapter.17}% 69
\BOOKMARK [1][-]{section.17.2}{\376\377\000U\000s\000e\000s}{chapter.17}% 70
\BOOKMARK [1][-]{section.17.3}{\376\377\000V\000i\000s\000\343\000o\000\040\000G\000e\000r\000a\000l}{chapter.17}% 71
\BOOKMARK [1][-]{section.17.4}{\376\377\000C\000l\000a\000s\000s\000e\000s\000,\000\040\000I\000n\000t\000e\000r\000f\000a\000c\000e\000s\000,\000\040\000O\000b\000j\000e\000t\000o\000s\000\040\000e\000\040\000R\000e\000g\000i\000s\000t\000r\000o\000s}{chapter.17}% 72
\BOOKMARK [0][-]{chapter.18}{\376\377\000U\000n\000i\000t\000\040\000m\000i\000.\000r\000t\000l\000.\000O\000b\000j\000e\000c\000t\000s\000.\000M\000e\000t\000h\000o\000d\000s\000.\000C\000o\000l\000l\000e\000c\000t\000i\000o\000n\000.\000F\000i\000l\000e\000s\000S\000t\000r\000e\000a\000m\000s}{}% 73
\BOOKMARK [1][-]{section.18.1}{\376\377\000D\000e\000s\000c\000r\000i\000\347\000\343\000o}{chapter.18}% 74
\BOOKMARK [1][-]{section.18.2}{\376\377\000U\000s\000e\000s}{chapter.18}% 75
\BOOKMARK [1][-]{section.18.3}{\376\377\000V\000i\000s\000\343\000o\000\040\000G\000e\000r\000a\000l}{chapter.18}% 76
\BOOKMARK [1][-]{section.18.4}{\376\377\000C\000l\000a\000s\000s\000e\000s\000,\000\040\000I\000n\000t\000e\000r\000f\000a\000c\000e\000s\000,\000\040\000O\000b\000j\000e\000t\000o\000s\000\040\000e\000\040\000R\000e\000g\000i\000s\000t\000r\000o\000s}{chapter.18}% 77
\BOOKMARK [0][-]{chapter.19}{\376\377\000U\000n\000i\000t\000\040\000m\000i\000.\000r\000t\000l\000.\000O\000b\000j\000e\000c\000t\000s\000.\000M\000e\000t\000h\000o\000d\000s\000.\000C\000o\000l\000l\000e\000c\000t\000i\000o\000n\000.\000S\000o\000r\000t\000e\000d\000C\000o\000l\000l\000e\000c\000t\000i\000o\000n}{}% 78
\BOOKMARK [1][-]{section.19.1}{\376\377\000D\000e\000s\000c\000r\000i\000\347\000\343\000o}{chapter.19}% 79
\BOOKMARK [1][-]{section.19.2}{\376\377\000U\000s\000e\000s}{chapter.19}% 80
\BOOKMARK [1][-]{section.19.3}{\376\377\000V\000i\000s\000\343\000o\000\040\000G\000e\000r\000a\000l}{chapter.19}% 81
\BOOKMARK [1][-]{section.19.4}{\376\377\000C\000l\000a\000s\000s\000e\000s\000,\000\040\000I\000n\000t\000e\000r\000f\000a\000c\000e\000s\000,\000\040\000O\000b\000j\000e\000t\000o\000s\000\040\000e\000\040\000R\000e\000g\000i\000s\000t\000r\000o\000s}{chapter.19}% 82
\BOOKMARK [0][-]{chapter.20}{\376\377\000U\000n\000i\000t\000\040\000m\000i\000.\000r\000t\000l\000.\000O\000b\000j\000e\000c\000t\000s\000.\000M\000e\000t\000h\000o\000d\000s\000.\000C\000o\000l\000l\000e\000c\000t\000i\000o\000n\000.\000S\000o\000r\000t\000e\000d\000C\000o\000l\000l\000e\000c\000t\000i\000o\000n\000.\000S\000t\000r\000C\000o\000l\000l\000e\000c\000t\000i\000o\000n}{}% 83
\BOOKMARK [1][-]{section.20.1}{\376\377\000D\000e\000s\000c\000r\000i\000\347\000\343\000o}{chapter.20}% 84
\BOOKMARK [1][-]{section.20.2}{\376\377\000U\000s\000e\000s}{chapter.20}% 85
\BOOKMARK [1][-]{section.20.3}{\376\377\000V\000i\000s\000\343\000o\000\040\000G\000e\000r\000a\000l}{chapter.20}% 86
\BOOKMARK [1][-]{section.20.4}{\376\377\000C\000l\000a\000s\000s\000e\000s\000,\000\040\000I\000n\000t\000e\000r\000f\000a\000c\000e\000s\000,\000\040\000O\000b\000j\000e\000t\000o\000s\000\040\000e\000\040\000R\000e\000g\000i\000s\000t\000r\000o\000s}{chapter.20}% 87
\BOOKMARK [0][-]{chapter.21}{\376\377\000U\000n\000i\000t\000\040\000m\000i\000.\000r\000t\000l\000.\000O\000b\000j\000e\000c\000t\000s\000.\000M\000e\000t\000h\000o\000d\000s\000.\000C\000o\000l\000l\000e\000c\000t\000i\000o\000n\000.\000S\000o\000r\000t\000e\000d\000C\000o\000l\000l\000e\000c\000t\000i\000o\000n\000.\000S\000t\000r\000i\000n\000g\000C\000o\000l\000l\000e\000c\000t\000i\000o\000n}{}% 88
\BOOKMARK [1][-]{section.21.1}{\376\377\000D\000e\000s\000c\000r\000i\000\347\000\343\000o}{chapter.21}% 89
\BOOKMARK [1][-]{section.21.2}{\376\377\000U\000s\000e\000s}{chapter.21}% 90
\BOOKMARK [1][-]{section.21.3}{\376\377\000V\000i\000s\000\343\000o\000\040\000G\000e\000r\000a\000l}{chapter.21}% 91
\BOOKMARK [1][-]{section.21.4}{\376\377\000C\000l\000a\000s\000s\000e\000s\000,\000\040\000I\000n\000t\000e\000r\000f\000a\000c\000e\000s\000,\000\040\000O\000b\000j\000e\000t\000o\000s\000\040\000e\000\040\000R\000e\000g\000i\000s\000t\000r\000o\000s}{chapter.21}% 92
\BOOKMARK [0][-]{chapter.22}{\376\377\000U\000n\000i\000t\000\040\000m\000i\000.\000r\000t\000l\000.\000O\000b\000j\000e\000c\000t\000s\000.\000M\000e\000t\000h\000o\000d\000s\000.\000C\000o\000l\000l\000e\000c\000t\000i\000o\000n\000.\000S\000o\000r\000t\000e\000d\000c\000o\000l\000l\000e\000c\000t\000i\000o\000n\000.\000S\000t\000r\000i\000n\000g\000c\000o\000l\000l\000e\000c\000t\000i\000o\000n\000.\000C\000o\000l\000l\000e\000c\000t\000i\000o\000n\000s\000t\000r\000i\000n\000g}{}% 93
\BOOKMARK [1][-]{section.22.1}{\376\377\000D\000e\000s\000c\000r\000i\000\347\000\343\000o}{chapter.22}% 94
\BOOKMARK [1][-]{section.22.2}{\376\377\000U\000s\000e\000s}{chapter.22}% 95
\BOOKMARK [1][-]{section.22.3}{\376\377\000V\000i\000s\000\343\000o\000\040\000G\000e\000r\000a\000l}{chapter.22}% 96
\BOOKMARK [1][-]{section.22.4}{\376\377\000C\000l\000a\000s\000s\000e\000s\000,\000\040\000I\000n\000t\000e\000r\000f\000a\000c\000e\000s\000,\000\040\000O\000b\000j\000e\000t\000o\000s\000\040\000e\000\040\000R\000e\000g\000i\000s\000t\000r\000o\000s}{chapter.22}% 97
\BOOKMARK [1][-]{section.22.5}{\376\377\000T\000i\000p\000o\000s}{chapter.22}% 98
\BOOKMARK [0][-]{chapter.23}{\376\377\000U\000n\000i\000t\000\040\000m\000i\000.\000r\000t\000l\000.\000o\000b\000j\000e\000c\000t\000s\000.\000M\000e\000t\000h\000o\000d\000s\000.\000d\000a\000t\000e\000s}{}% 99
\BOOKMARK [1][-]{section.23.1}{\376\377\000D\000e\000s\000c\000r\000i\000\347\000\343\000o}{chapter.23}% 100
\BOOKMARK [1][-]{section.23.2}{\376\377\000U\000s\000e\000s}{chapter.23}% 101
\BOOKMARK [1][-]{section.23.3}{\376\377\000V\000i\000s\000\343\000o\000\040\000G\000e\000r\000a\000l}{chapter.23}% 102
\BOOKMARK [1][-]{section.23.4}{\376\377\000C\000l\000a\000s\000s\000e\000s\000,\000\040\000I\000n\000t\000e\000r\000f\000a\000c\000e\000s\000,\000\040\000O\000b\000j\000e\000t\000o\000s\000\040\000e\000\040\000R\000e\000g\000i\000s\000t\000r\000o\000s}{chapter.23}% 103
\BOOKMARK [0][-]{chapter.24}{\376\377\000U\000n\000i\000t\000\040\000m\000i\000.\000r\000t\000l\000.\000O\000b\000j\000e\000c\000t\000s\000.\000M\000e\000t\000h\000o\000d\000s\000.\000D\000b\000.\000T\000b\000\137\000A\000c\000c\000e\000s\000s}{}% 104
\BOOKMARK [1][-]{section.24.1}{\376\377\000D\000e\000s\000c\000r\000i\000\347\000\343\000o}{chapter.24}% 105
\BOOKMARK [1][-]{section.24.2}{\376\377\000U\000s\000e\000s}{chapter.24}% 106
\BOOKMARK [1][-]{section.24.3}{\376\377\000V\000i\000s\000\343\000o\000\040\000G\000e\000r\000a\000l}{chapter.24}% 107
\BOOKMARK [1][-]{section.24.4}{\376\377\000C\000l\000a\000s\000s\000e\000s\000,\000\040\000I\000n\000t\000e\000r\000f\000a\000c\000e\000s\000,\000\040\000O\000b\000j\000e\000t\000o\000s\000\040\000e\000\040\000R\000e\000g\000i\000s\000t\000r\000o\000s}{chapter.24}% 108
\BOOKMARK [1][-]{section.24.5}{\376\377\000V\000a\000r\000i\000\341\000v\000e\000i\000s}{chapter.24}% 109
\BOOKMARK [0][-]{chapter.25}{\376\377\000U\000n\000i\000t\000\040\000m\000i\000.\000r\000t\000l\000.\000O\000b\000j\000e\000c\000t\000s\000.\000M\000e\000t\000h\000o\000d\000s\000.\000D\000b\000.\000T\000b\000\137\000\137\000A\000c\000c\000e\000s\000s}{}% 110
\BOOKMARK [1][-]{section.25.1}{\376\377\000D\000e\000s\000c\000r\000i\000\347\000\343\000o}{chapter.25}% 111
\BOOKMARK [1][-]{section.25.2}{\376\377\000U\000s\000e\000s}{chapter.25}% 112
\BOOKMARK [1][-]{section.25.3}{\376\377\000V\000i\000s\000\343\000o\000\040\000G\000e\000r\000a\000l}{chapter.25}% 113
\BOOKMARK [1][-]{section.25.4}{\376\377\000C\000l\000a\000s\000s\000e\000s\000,\000\040\000I\000n\000t\000e\000r\000f\000a\000c\000e\000s\000,\000\040\000O\000b\000j\000e\000t\000o\000s\000\040\000e\000\040\000R\000e\000g\000i\000s\000t\000r\000o\000s}{chapter.25}% 114
\BOOKMARK [0][-]{chapter.26}{\376\377\000U\000n\000i\000t\000\040\000m\000i\000.\000r\000t\000l\000.\000o\000b\000j\000e\000c\000t\000s\000.\000m\000e\000t\000h\000o\000d\000s\000.\000d\000b\000.\000t\000b\000\137\000\137\000a\000c\000c\000e\000s\000s\000\137\000t\000e\000s\000t}{}% 115
\BOOKMARK [1][-]{section.26.1}{\376\377\000U\000s\000e\000s}{chapter.26}% 116
\BOOKMARK [1][-]{section.26.2}{\376\377\000V\000i\000s\000\343\000o\000\040\000G\000e\000r\000a\000l}{chapter.26}% 117
\BOOKMARK [1][-]{section.26.3}{\376\377\000C\000l\000a\000s\000s\000e\000s\000,\000\040\000I\000n\000t\000e\000r\000f\000a\000c\000e\000s\000,\000\040\000O\000b\000j\000e\000t\000o\000s\000\040\000e\000\040\000R\000e\000g\000i\000s\000t\000r\000o\000s}{chapter.26}% 118
\BOOKMARK [0][-]{chapter.27}{\376\377\000U\000n\000i\000t\000\040\000m\000i\000.\000r\000t\000l\000.\000O\000b\000j\000e\000c\000t\000s\000.\000M\000e\000t\000h\000o\000d\000s\000.\000D\000b\000.\000T\000b\000\137\000\137\000\137\000A\000c\000c\000e\000s\000s}{}% 119
\BOOKMARK [1][-]{section.27.1}{\376\377\000D\000e\000s\000c\000r\000i\000\347\000\343\000o}{chapter.27}% 120
\BOOKMARK [1][-]{section.27.2}{\376\377\000U\000s\000e\000s}{chapter.27}% 121
\BOOKMARK [1][-]{section.27.3}{\376\377\000V\000i\000s\000\343\000o\000\040\000G\000e\000r\000a\000l}{chapter.27}% 122
\BOOKMARK [1][-]{section.27.4}{\376\377\000C\000l\000a\000s\000s\000e\000s\000,\000\040\000I\000n\000t\000e\000r\000f\000a\000c\000e\000s\000,\000\040\000O\000b\000j\000e\000t\000o\000s\000\040\000e\000\040\000R\000e\000g\000i\000s\000t\000r\000o\000s}{chapter.27}% 123
\BOOKMARK [0][-]{chapter.28}{\376\377\000U\000n\000i\000t\000\040\000m\000i\000.\000r\000t\000l\000.\000o\000b\000j\000e\000c\000t\000s\000.\000M\000e\000t\000h\000o\000d\000s\000.\000d\000b\000.\000t\000y\000p\000e\000s\000.\000c\000o\000n\000s\000t\000s\000.\000M\000e\000t\000h\000o\000d\000s}{}% 124
\BOOKMARK [1][-]{section.28.1}{\376\377\000D\000e\000s\000c\000r\000i\000\347\000\343\000o}{chapter.28}% 125
\BOOKMARK [1][-]{section.28.2}{\376\377\000U\000s\000e\000s}{chapter.28}% 126
\BOOKMARK [1][-]{section.28.3}{\376\377\000V\000i\000s\000\343\000o\000\040\000G\000e\000r\000a\000l}{chapter.28}% 127
\BOOKMARK [1][-]{section.28.4}{\376\377\000C\000l\000a\000s\000s\000e\000s\000,\000\040\000I\000n\000t\000e\000r\000f\000a\000c\000e\000s\000,\000\040\000O\000b\000j\000e\000t\000o\000s\000\040\000e\000\040\000R\000e\000g\000i\000s\000t\000r\000o\000s}{chapter.28}% 128
\BOOKMARK [0][-]{chapter.29}{\376\377\000U\000n\000i\000t\000\040\000m\000i\000.\000r\000t\000l\000.\000O\000b\000j\000e\000c\000t\000s\000.\000M\000e\000t\000h\000o\000d\000s\000.\000E\000x\000c\000e\000p\000t\000i\000o\000n}{}% 129
\BOOKMARK [1][-]{section.29.1}{\376\377\000D\000e\000s\000c\000r\000i\000\347\000\343\000o}{chapter.29}% 130
\BOOKMARK [1][-]{section.29.2}{\376\377\000U\000s\000e\000s}{chapter.29}% 131
\BOOKMARK [1][-]{section.29.3}{\376\377\000V\000i\000s\000\343\000o\000\040\000G\000e\000r\000a\000l}{chapter.29}% 132
\BOOKMARK [1][-]{section.29.4}{\376\377\000C\000l\000a\000s\000s\000e\000s\000,\000\040\000I\000n\000t\000e\000r\000f\000a\000c\000e\000s\000,\000\040\000O\000b\000j\000e\000t\000o\000s\000\040\000e\000\040\000R\000e\000g\000i\000s\000t\000r\000o\000s}{chapter.29}% 133
\BOOKMARK [0][-]{chapter.30}{\376\377\000U\000n\000i\000t\000\040\000m\000i\000.\000r\000t\000l\000.\000O\000b\000j\000e\000c\000t\000s\000.\000M\000e\000t\000h\000o\000d\000s\000.\000P\000a\000r\000a\000m\000e\000x\000e\000c\000u\000c\000a\000o}{}% 134
\BOOKMARK [1][-]{section.30.1}{\376\377\000U\000s\000e\000s}{chapter.30}% 135
\BOOKMARK [1][-]{section.30.2}{\376\377\000V\000i\000s\000\343\000o\000\040\000G\000e\000r\000a\000l}{chapter.30}% 136
\BOOKMARK [1][-]{section.30.3}{\376\377\000C\000l\000a\000s\000s\000e\000s\000,\000\040\000I\000n\000t\000e\000r\000f\000a\000c\000e\000s\000,\000\040\000O\000b\000j\000e\000t\000o\000s\000\040\000e\000\040\000R\000e\000g\000i\000s\000t\000r\000o\000s}{chapter.30}% 137
\BOOKMARK [0][-]{chapter.31}{\376\377\000U\000n\000i\000t\000\040\000m\000i\000.\000r\000t\000l\000.\000O\000b\000j\000e\000c\000t\000s\000.\000M\000e\000t\000h\000o\000d\000s\000.\000P\000a\000r\000a\000m\000e\000x\000e\000c\000u\000c\000a\000o\000.\000A\000p\000p\000l\000i\000c\000a\000t\000i\000o\000n}{}% 138
\BOOKMARK [1][-]{section.31.1}{\376\377\000U\000s\000e\000s}{chapter.31}% 139
\BOOKMARK [1][-]{section.31.2}{\376\377\000V\000i\000s\000\343\000o\000\040\000G\000e\000r\000a\000l}{chapter.31}% 140
\BOOKMARK [1][-]{section.31.3}{\376\377\000C\000l\000a\000s\000s\000e\000s\000,\000\040\000I\000n\000t\000e\000r\000f\000a\000c\000e\000s\000,\000\040\000O\000b\000j\000e\000t\000o\000s\000\040\000e\000\040\000R\000e\000g\000i\000s\000t\000r\000o\000s}{chapter.31}% 141
\BOOKMARK [1][-]{section.31.4}{\376\377\000F\000u\000n\000\347\000\365\000e\000s\000\040\000e\000\040\000P\000r\000o\000c\000e\000d\000i\000m\000e\000n\000t\000o\000s}{chapter.31}% 142
\BOOKMARK [0][-]{chapter.32}{\376\377\000U\000n\000i\000t\000\040\000m\000i\000.\000r\000t\000l\000.\000O\000b\000j\000e\000c\000t\000s\000.\000M\000e\000t\000h\000o\000d\000s\000.\000S\000t\000r\000e\000a\000m\000B\000a\000s\000e}{}% 143
\BOOKMARK [1][-]{section.32.1}{\376\377\000D\000e\000s\000c\000r\000i\000\347\000\343\000o}{chapter.32}% 144
\BOOKMARK [1][-]{section.32.2}{\376\377\000U\000s\000e\000s}{chapter.32}% 145
\BOOKMARK [1][-]{section.32.3}{\376\377\000V\000i\000s\000\343\000o\000\040\000G\000e\000r\000a\000l}{chapter.32}% 146
\BOOKMARK [1][-]{section.32.4}{\376\377\000C\000l\000a\000s\000s\000e\000s\000,\000\040\000I\000n\000t\000e\000r\000f\000a\000c\000e\000s\000,\000\040\000O\000b\000j\000e\000t\000o\000s\000\040\000e\000\040\000R\000e\000g\000i\000s\000t\000r\000o\000s}{chapter.32}% 147
\BOOKMARK [0][-]{chapter.33}{\376\377\000U\000n\000i\000t\000\040\000m\000i\000.\000r\000t\000l\000.\000O\000b\000j\000e\000c\000t\000s\000.\000M\000e\000t\000h\000o\000d\000s\000.\000S\000t\000r\000e\000a\000m\000B\000a\000s\000e\000.\000S\000t\000r\000e\000a\000m}{}% 148
\BOOKMARK [1][-]{section.33.1}{\376\377\000D\000e\000s\000c\000r\000i\000\347\000\343\000o}{chapter.33}% 149
\BOOKMARK [1][-]{section.33.2}{\376\377\000U\000s\000e\000s}{chapter.33}% 150
\BOOKMARK [1][-]{section.33.3}{\376\377\000V\000i\000s\000\343\000o\000\040\000G\000e\000r\000a\000l}{chapter.33}% 151
\BOOKMARK [1][-]{section.33.4}{\376\377\000C\000l\000a\000s\000s\000e\000s\000,\000\040\000I\000n\000t\000e\000r\000f\000a\000c\000e\000s\000,\000\040\000O\000b\000j\000e\000t\000o\000s\000\040\000e\000\040\000R\000e\000g\000i\000s\000t\000r\000o\000s}{chapter.33}% 152
\BOOKMARK [0][-]{chapter.34}{\376\377\000U\000n\000i\000t\000\040\000m\000i\000.\000r\000t\000l\000.\000O\000b\000j\000e\000c\000t\000s\000.\000M\000e\000t\000h\000o\000d\000s\000.\000S\000t\000r\000e\000a\000m\000B\000a\000s\000e\000.\000S\000t\000r\000e\000a\000m\000.\000F\000i\000l\000e\000S\000t\000r\000e\000a\000m}{}% 153
\BOOKMARK [1][-]{section.34.1}{\376\377\000D\000e\000s\000c\000r\000i\000\347\000\343\000o}{chapter.34}% 154
\BOOKMARK [1][-]{section.34.2}{\376\377\000U\000s\000e\000s}{chapter.34}% 155
\BOOKMARK [1][-]{section.34.3}{\376\377\000V\000i\000s\000\343\000o\000\040\000G\000e\000r\000a\000l}{chapter.34}% 156
\BOOKMARK [1][-]{section.34.4}{\376\377\000C\000l\000a\000s\000s\000e\000s\000,\000\040\000I\000n\000t\000e\000r\000f\000a\000c\000e\000s\000,\000\040\000O\000b\000j\000e\000t\000o\000s\000\040\000e\000\040\000R\000e\000g\000i\000s\000t\000r\000o\000s}{chapter.34}% 157
\BOOKMARK [0][-]{chapter.35}{\376\377\000U\000n\000i\000t\000\040\000m\000i\000.\000r\000t\000l\000.\000O\000b\000j\000e\000c\000t\000s\000.\000M\000e\000t\000h\000o\000d\000s\000.\000S\000t\000r\000e\000a\000m\000B\000a\000s\000e\000.\000S\000t\000r\000e\000a\000m\000.\000M\000e\000m\000o\000r\000y\000S\000t\000r\000e\000a\000m}{}% 158
\BOOKMARK [1][-]{section.35.1}{\376\377\000D\000e\000s\000c\000r\000i\000\347\000\343\000o}{chapter.35}% 159
\BOOKMARK [1][-]{section.35.2}{\376\377\000U\000s\000e\000s}{chapter.35}% 160
\BOOKMARK [1][-]{section.35.3}{\376\377\000V\000i\000s\000\343\000o\000\040\000G\000e\000r\000a\000l}{chapter.35}% 161
\BOOKMARK [1][-]{section.35.4}{\376\377\000C\000l\000a\000s\000s\000e\000s\000,\000\040\000I\000n\000t\000e\000r\000f\000a\000c\000e\000s\000,\000\040\000O\000b\000j\000e\000t\000o\000s\000\040\000e\000\040\000R\000e\000g\000i\000s\000t\000r\000o\000s}{chapter.35}% 162
\BOOKMARK [0][-]{chapter.36}{\376\377\000U\000n\000i\000t\000\040\000m\000i\000.\000r\000t\000l\000.\000o\000b\000j\000e\000c\000t\000s\000.\000m\000e\000t\000h\000o\000d\000s\000.\000S\000t\000r\000e\000a\000m\000B\000a\000s\000e\000.\000S\000t\000r\000e\000a\000m\000.\000M\000e\000m\000o\000r\000y\000S\000t\000r\000e\000a\000m\000.\000B\000u\000f\000f\000e\000r\000M\000e\000m\000o\000r\000y}{}% 163
\BOOKMARK [1][-]{section.36.1}{\376\377\000D\000e\000s\000c\000r\000i\000\347\000\343\000o}{chapter.36}% 164
\BOOKMARK [1][-]{section.36.2}{\376\377\000U\000s\000e\000s}{chapter.36}% 165
\BOOKMARK [1][-]{section.36.3}{\376\377\000V\000i\000s\000\343\000o\000\040\000G\000e\000r\000a\000l}{chapter.36}% 166
\BOOKMARK [1][-]{section.36.4}{\376\377\000C\000l\000a\000s\000s\000e\000s\000,\000\040\000I\000n\000t\000e\000r\000f\000a\000c\000e\000s\000,\000\040\000O\000b\000j\000e\000t\000o\000s\000\040\000e\000\040\000R\000e\000g\000i\000s\000t\000r\000o\000s}{chapter.36}% 167
\BOOKMARK [0][-]{chapter.37}{\376\377\000U\000n\000i\000t\000\040\000m\000i\000.\000r\000t\000l\000.\000O\000b\000j\000e\000c\000t\000s\000.\000M\000e\000t\000h\000o\000d\000s\000.\000S\000y\000s\000t\000e\000m}{}% 168
\BOOKMARK [1][-]{section.37.1}{\376\377\000D\000e\000s\000c\000r\000i\000\347\000\343\000o}{chapter.37}% 169
\BOOKMARK [1][-]{section.37.2}{\376\377\000U\000s\000e\000s}{chapter.37}% 170
\BOOKMARK [1][-]{section.37.3}{\376\377\000V\000i\000s\000\343\000o\000\040\000G\000e\000r\000a\000l}{chapter.37}% 171
\BOOKMARK [1][-]{section.37.4}{\376\377\000C\000l\000a\000s\000s\000e\000s\000,\000\040\000I\000n\000t\000e\000r\000f\000a\000c\000e\000s\000,\000\040\000O\000b\000j\000e\000t\000o\000s\000\040\000e\000\040\000R\000e\000g\000i\000s\000t\000r\000o\000s}{chapter.37}% 172
\BOOKMARK [0][-]{chapter.38}{\376\377\000U\000n\000i\000t\000\040\000m\000i\000.\000r\000t\000l\000.\000o\000b\000j\000e\000c\000t\000s\000.\000t\000y\000p\000e\000s}{}% 173
\BOOKMARK [1][-]{section.38.1}{\376\377\000D\000e\000s\000c\000r\000i\000\347\000\343\000o}{chapter.38}% 174
\BOOKMARK [1][-]{section.38.2}{\376\377\000U\000s\000e\000s}{chapter.38}% 175
\BOOKMARK [1][-]{section.38.3}{\376\377\000V\000i\000s\000\343\000o\000\040\000G\000e\000r\000a\000l}{chapter.38}% 176
\BOOKMARK [1][-]{section.38.4}{\376\377\000C\000l\000a\000s\000s\000e\000s\000,\000\040\000I\000n\000t\000e\000r\000f\000a\000c\000e\000s\000,\000\040\000O\000b\000j\000e\000t\000o\000s\000\040\000e\000\040\000R\000e\000g\000i\000s\000t\000r\000o\000s}{chapter.38}% 177
\BOOKMARK [0][-]{chapter.39}{\376\377\000U\000n\000i\000t\000\040\000m\000i\000.\000r\000t\000l\000.\000O\000b\000j\000e\000c\000t\000s\000s}{}% 178
\BOOKMARK [1][-]{section.39.1}{\376\377\000D\000e\000s\000c\000r\000i\000\347\000\343\000o}{chapter.39}% 179
\BOOKMARK [1][-]{section.39.2}{\376\377\000U\000s\000e\000s}{chapter.39}% 180
\BOOKMARK [1][-]{section.39.3}{\376\377\000V\000i\000s\000\343\000o\000\040\000G\000e\000r\000a\000l}{chapter.39}% 181
\BOOKMARK [1][-]{section.39.4}{\376\377\000C\000l\000a\000s\000s\000e\000s\000,\000\040\000I\000n\000t\000e\000r\000f\000a\000c\000e\000s\000,\000\040\000O\000b\000j\000e\000t\000o\000s\000\040\000e\000\040\000R\000e\000g\000i\000s\000t\000r\000o\000s}{chapter.39}% 182
\BOOKMARK [0][-]{chapter.40}{\376\377\000U\000n\000i\000t\000\040\000m\000i\000.\000r\000t\000l\000.\000T\000y\000p\000e\000s}{}% 183
\BOOKMARK [1][-]{section.40.1}{\376\377\000D\000e\000s\000c\000r\000i\000\347\000\343\000o}{chapter.40}% 184
\BOOKMARK [1][-]{section.40.2}{\376\377\000U\000s\000e\000s}{chapter.40}% 185
\BOOKMARK [1][-]{section.40.3}{\376\377\000V\000i\000s\000\343\000o\000\040\000G\000e\000r\000a\000l}{chapter.40}% 186
\BOOKMARK [1][-]{section.40.4}{\376\377\000C\000l\000a\000s\000s\000e\000s\000,\000\040\000I\000n\000t\000e\000r\000f\000a\000c\000e\000s\000,\000\040\000O\000b\000j\000e\000t\000o\000s\000\040\000e\000\040\000R\000e\000g\000i\000s\000t\000r\000o\000s}{chapter.40}% 187
\BOOKMARK [0][-]{chapter.41}{\376\377\000U\000n\000i\000t\000\040\000m\000i\000.\000u\000i\000.\000d\000i\000a\000l\000o\000g\000s}{}% 188
\BOOKMARK [1][-]{section.41.1}{\376\377\000D\000e\000s\000c\000r\000i\000\347\000\343\000o}{chapter.41}% 189
\BOOKMARK [1][-]{section.41.2}{\376\377\000U\000s\000e\000s}{chapter.41}% 190
\BOOKMARK [1][-]{section.41.3}{\376\377\000V\000i\000s\000\343\000o\000\040\000G\000e\000r\000a\000l}{chapter.41}% 191
\BOOKMARK [1][-]{section.41.4}{\376\377\000C\000l\000a\000s\000s\000e\000s\000,\000\040\000I\000n\000t\000e\000r\000f\000a\000c\000e\000s\000,\000\040\000O\000b\000j\000e\000t\000o\000s\000\040\000e\000\040\000R\000e\000g\000i\000s\000t\000r\000o\000s}{chapter.41}% 192
\BOOKMARK [1][-]{section.41.5}{\376\377\000C\000o\000n\000s\000t\000a\000n\000t\000e\000s}{chapter.41}% 193
\BOOKMARK [0][-]{chapter.42}{\376\377\000U\000n\000i\000t\000\040\000m\000i\000.\000u\000i\000.\000l\000c\000l\000.\000f\000o\000r\000m}{}% 194
\BOOKMARK [1][-]{section.42.1}{\376\377\000U\000s\000e\000s}{chapter.42}% 195
\BOOKMARK [0][-]{chapter.43}{\376\377\000U\000n\000i\000t\000\040\000m\000i\000\137\000r\000t\000l\000\137\000u\000i\000\137\000c\000u\000s\000t\000o\000m\000\137\000a\000p\000p\000l\000i\000c\000a\000t\000i\000o\000n}{}% 196
\BOOKMARK [1][-]{section.43.1}{\376\377\000D\000e\000s\000c\000r\000i\000\347\000\343\000o}{chapter.43}% 197
\BOOKMARK [1][-]{section.43.2}{\376\377\000U\000s\000e\000s}{chapter.43}% 198
\BOOKMARK [1][-]{section.43.3}{\376\377\000V\000i\000s\000\343\000o\000\040\000G\000e\000r\000a\000l}{chapter.43}% 199
\BOOKMARK [1][-]{section.43.4}{\376\377\000C\000l\000a\000s\000s\000e\000s\000,\000\040\000I\000n\000t\000e\000r\000f\000a\000c\000e\000s\000,\000\040\000O\000b\000j\000e\000t\000o\000s\000\040\000e\000\040\000R\000e\000g\000i\000s\000t\000r\000o\000s}{chapter.43}% 200
\BOOKMARK [1][-]{section.43.5}{\376\377\000F\000u\000n\000\347\000\365\000e\000s\000\040\000e\000\040\000P\000r\000o\000c\000e\000d\000i\000m\000e\000n\000t\000o\000s}{chapter.43}% 201
\BOOKMARK [1][-]{section.43.6}{\376\377\000T\000i\000p\000o\000s}{chapter.43}% 202
\BOOKMARK [0][-]{chapter.44}{\376\377\000U\000n\000i\000t\000\040\000m\000i\000\137\000r\000t\000l\000\137\000u\000i\000\137\000D\000m\000x\000s\000c\000r\000o\000l\000l\000e\000r}{}% 203
\BOOKMARK [1][-]{section.44.1}{\376\377\000D\000e\000s\000c\000r\000i\000\347\000\343\000o}{chapter.44}% 204
\BOOKMARK [1][-]{section.44.2}{\376\377\000U\000s\000e\000s}{chapter.44}% 205
\BOOKMARK [1][-]{section.44.3}{\376\377\000V\000i\000s\000\343\000o\000\040\000G\000e\000r\000a\000l}{chapter.44}% 206
\BOOKMARK [1][-]{section.44.4}{\376\377\000C\000l\000a\000s\000s\000e\000s\000,\000\040\000I\000n\000t\000e\000r\000f\000a\000c\000e\000s\000,\000\040\000O\000b\000j\000e\000t\000o\000s\000\040\000e\000\040\000R\000e\000g\000i\000s\000t\000r\000o\000s}{chapter.44}% 207
\BOOKMARK [1][-]{section.44.5}{\376\377\000T\000i\000p\000o\000s}{chapter.44}% 208
\BOOKMARK [1][-]{section.44.6}{\376\377\000C\000o\000n\000s\000t\000a\000n\000t\000e\000s}{chapter.44}% 209
\BOOKMARK [0][-]{chapter.45}{\376\377\000U\000n\000i\000t\000\040\000m\000i\000\137\000r\000t\000l\000\137\000u\000i\000\137\000D\000m\000x\000S\000c\000r\000o\000l\000l\000e\000r\000\137\000B\000u\000t\000t\000o\000n\000s}{}% 210
\BOOKMARK [1][-]{section.45.1}{\376\377\000D\000e\000s\000c\000r\000i\000\347\000\343\000o}{chapter.45}% 211
\BOOKMARK [1][-]{section.45.2}{\376\377\000U\000s\000e\000s}{chapter.45}% 212
\BOOKMARK [1][-]{section.45.3}{\376\377\000V\000i\000s\000\343\000o\000\040\000G\000e\000r\000a\000l}{chapter.45}% 213
\BOOKMARK [1][-]{section.45.4}{\376\377\000C\000l\000a\000s\000s\000e\000s\000,\000\040\000I\000n\000t\000e\000r\000f\000a\000c\000e\000s\000,\000\040\000O\000b\000j\000e\000t\000o\000s\000\040\000e\000\040\000R\000e\000g\000i\000s\000t\000r\000o\000s}{chapter.45}% 214
\BOOKMARK [0][-]{chapter.46}{\376\377\000U\000n\000i\000t\000\040\000m\000i\000\137\000r\000t\000l\000\137\000u\000i\000\137\000d\000m\000x\000s\000c\000r\000o\000l\000l\000e\000r\000\137\000f\000o\000r\000m}{}% 215
\BOOKMARK [1][-]{section.46.1}{\376\377\000D\000e\000s\000c\000r\000i\000\347\000\343\000o}{chapter.46}% 216
\BOOKMARK [1][-]{section.46.2}{\376\377\000U\000s\000e\000s}{chapter.46}% 217
\BOOKMARK [1][-]{section.46.3}{\376\377\000V\000i\000s\000\343\000o\000\040\000G\000e\000r\000a\000l}{chapter.46}% 218
\BOOKMARK [1][-]{section.46.4}{\376\377\000C\000l\000a\000s\000s\000e\000s\000,\000\040\000I\000n\000t\000e\000r\000f\000a\000c\000e\000s\000,\000\040\000O\000b\000j\000e\000t\000o\000s\000\040\000e\000\040\000R\000e\000g\000i\000s\000t\000r\000o\000s}{chapter.46}% 219
\BOOKMARK [1][-]{section.46.5}{\376\377\000F\000u\000n\000\347\000\365\000e\000s\000\040\000e\000\040\000P\000r\000o\000c\000e\000d\000i\000m\000e\000n\000t\000o\000s}{chapter.46}% 220
\BOOKMARK [1][-]{section.46.6}{\376\377\000T\000i\000p\000o\000s}{chapter.46}% 221
\BOOKMARK [1][-]{section.46.7}{\376\377\000C\000o\000n\000s\000t\000a\000n\000t\000e\000s}{chapter.46}% 222
\BOOKMARK [0][-]{chapter.47}{\376\377\000U\000n\000i\000t\000\040\000m\000i\000\137\000r\000t\000l\000\137\000u\000i\000\137\000D\000m\000x\000s\000c\000r\000o\000l\000l\000e\000r\000\137\000s\000q\000l}{}% 223
\BOOKMARK [1][-]{section.47.1}{\376\377\000D\000e\000s\000c\000r\000i\000\347\000\343\000o}{chapter.47}% 224
\BOOKMARK [1][-]{section.47.2}{\376\377\000U\000s\000e\000s}{chapter.47}% 225
\BOOKMARK [1][-]{section.47.3}{\376\377\000V\000i\000s\000\343\000o\000\040\000G\000e\000r\000a\000l}{chapter.47}% 226
\BOOKMARK [1][-]{section.47.4}{\376\377\000C\000l\000a\000s\000s\000e\000s\000,\000\040\000I\000n\000t\000e\000r\000f\000a\000c\000e\000s\000,\000\040\000O\000b\000j\000e\000t\000o\000s\000\040\000e\000\040\000R\000e\000g\000i\000s\000t\000r\000o\000s}{chapter.47}% 227
\BOOKMARK [0][-]{chapter.48}{\376\377\000U\000n\000i\000t\000\040\000m\000i\000\137\000r\000t\000l\000\137\000u\000i\000\137\000i\000n\000t\000e\000r\000f\000a\000c\000e\000s}{}% 228
\BOOKMARK [1][-]{section.48.1}{\376\377\000D\000e\000s\000c\000r\000i\000\347\000\343\000o}{chapter.48}% 229
\BOOKMARK [1][-]{section.48.2}{\376\377\000T\000i\000p\000o\000s}{chapter.48}% 230
\BOOKMARK [1][-]{section.48.3}{\376\377\000C\000o\000n\000s\000t\000a\000n\000t\000e\000s}{chapter.48}% 231
\BOOKMARK [0][-]{chapter.49}{\376\377\000U\000n\000i\000t\000\040\000m\000i\000\137\000r\000t\000l\000\137\000u\000i\000\137\000m\000e\000t\000h\000o\000d\000s}{}% 232
\BOOKMARK [1][-]{section.49.1}{\376\377\000U\000s\000e\000s}{chapter.49}% 233
\BOOKMARK [1][-]{section.49.2}{\376\377\000V\000i\000s\000\343\000o\000\040\000G\000e\000r\000a\000l}{chapter.49}% 234
\BOOKMARK [1][-]{section.49.3}{\376\377\000C\000l\000a\000s\000s\000e\000s\000,\000\040\000I\000n\000t\000e\000r\000f\000a\000c\000e\000s\000,\000\040\000O\000b\000j\000e\000t\000o\000s\000\040\000e\000\040\000R\000e\000g\000i\000s\000t\000r\000o\000s}{chapter.49}% 235
\BOOKMARK [0][-]{chapter.50}{\376\377\000U\000n\000i\000t\000\040\000m\000i\000\137\000r\000t\000l\000\137\000u\000i\000\137\000t\000y\000p\000e\000s}{}% 236
\BOOKMARK [1][-]{section.50.1}{\376\377\000D\000e\000s\000c\000r\000i\000\347\000\343\000o}{chapter.50}% 237
\BOOKMARK [1][-]{section.50.2}{\376\377\000U\000s\000e\000s}{chapter.50}% 238
\BOOKMARK [1][-]{section.50.3}{\376\377\000V\000i\000s\000\343\000o\000\040\000G\000e\000r\000a\000l}{chapter.50}% 239
\BOOKMARK [1][-]{section.50.4}{\376\377\000C\000l\000a\000s\000s\000e\000s\000,\000\040\000I\000n\000t\000e\000r\000f\000a\000c\000e\000s\000,\000\040\000O\000b\000j\000e\000t\000o\000s\000\040\000e\000\040\000R\000e\000g\000i\000s\000t\000r\000o\000s}{chapter.50}% 240
\BOOKMARK [0][-]{chapter.51}{\376\377\000U\000n\000i\000t\000\040\000m\000i\000\137\000u\000i\000\137\000D\000m\000x\000s\000c\000r\000o\000l\000l\000e\000r\000\137\000s\000q\000l}{}% 241
\BOOKMARK [1][-]{section.51.1}{\376\377\000D\000e\000s\000c\000r\000i\000\347\000\343\000o}{chapter.51}% 242
\BOOKMARK [1][-]{section.51.2}{\376\377\000U\000s\000e\000s}{chapter.51}% 243
\BOOKMARK [1][-]{section.51.3}{\376\377\000V\000i\000s\000\343\000o\000\040\000G\000e\000r\000a\000l}{chapter.51}% 244
\BOOKMARK [1][-]{section.51.4}{\376\377\000C\000l\000a\000s\000s\000e\000s\000,\000\040\000I\000n\000t\000e\000r\000f\000a\000c\000e\000s\000,\000\040\000O\000b\000j\000e\000t\000o\000s\000\040\000e\000\040\000R\000e\000g\000i\000s\000t\000r\000o\000s}{chapter.51}% 245
\BOOKMARK [0][-]{chapter.52}{\376\377\000U\000n\000i\000t\000\040\000m\000i\000\137\000u\000i\000\137\000m\000i\000\137\000m\000s\000g\000b\000o\000x\000\137\000d\000m}{}% 246
\BOOKMARK [1][-]{section.52.1}{\376\377\000U\000s\000e\000s}{chapter.52}% 247
\BOOKMARK [1][-]{section.52.2}{\376\377\000V\000i\000s\000\343\000o\000\040\000G\000e\000r\000a\000l}{chapter.52}% 248
\BOOKMARK [1][-]{section.52.3}{\376\377\000C\000l\000a\000s\000s\000e\000s\000,\000\040\000I\000n\000t\000e\000r\000f\000a\000c\000e\000s\000,\000\040\000O\000b\000j\000e\000t\000o\000s\000\040\000e\000\040\000R\000e\000g\000i\000s\000t\000r\000o\000s}{chapter.52}% 249
\BOOKMARK [1][-]{section.52.4}{\376\377\000V\000a\000r\000i\000\341\000v\000e\000i\000s}{chapter.52}% 250
\BOOKMARK [0][-]{chapter.53}{\376\377\000P\000r\000o\000g\000r\000a\000m\000\040\000p\000r\000o\000j\000e\000c\000t\0001}{}% 251
\BOOKMARK [1][-]{section.53.1}{\376\377\000U\000s\000e\000s}{chapter.53}% 252
\BOOKMARK [0][-]{chapter.54}{\376\377\000U\000n\000i\000t\000\040\000t\000e\000s\000t\000F\000o\000r\000m}{}% 253
\BOOKMARK [1][-]{section.54.1}{\376\377\000D\000e\000s\000c\000r\000i\000\347\000\343\000o}{chapter.54}% 254
\BOOKMARK [1][-]{section.54.2}{\376\377\000U\000s\000e\000s}{chapter.54}% 255
\BOOKMARK [1][-]{section.54.3}{\376\377\000V\000i\000s\000\343\000o\000\040\000G\000e\000r\000a\000l}{chapter.54}% 256
\BOOKMARK [1][-]{section.54.4}{\376\377\000F\000u\000n\000\347\000\365\000e\000s\000\040\000e\000\040\000P\000r\000o\000c\000e\000d\000i\000m\000e\000n\000t\000o\000s}{chapter.54}% 257
\BOOKMARK [1][-]{section.54.5}{\376\377\000V\000a\000r\000i\000\341\000v\000e\000i\000s}{chapter.54}% 258
\BOOKMARK [0][-]{chapter.55}{\376\377\000U\000n\000i\000t\000\040\000u\000D\000m\000x\000S\000c\000r\000o\000l\000l\000e\000r\000\137\000F\000o\000r\000m\000\137\000L\000c\000l\000\137\000a\000d\000d\000\137\000t\000e\000s\000t}{}% 259
\BOOKMARK [1][-]{section.55.1}{\376\377\000D\000e\000s\000c\000r\000i\000\347\000\343\000o}{chapter.55}% 260
\BOOKMARK [1][-]{section.55.2}{\376\377\000U\000s\000e\000s}{chapter.55}% 261
\BOOKMARK [1][-]{section.55.3}{\376\377\000V\000i\000s\000\343\000o\000\040\000G\000e\000r\000a\000l}{chapter.55}% 262
\BOOKMARK [1][-]{section.55.4}{\376\377\000C\000l\000a\000s\000s\000e\000s\000,\000\040\000I\000n\000t\000e\000r\000f\000a\000c\000e\000s\000,\000\040\000O\000b\000j\000e\000t\000o\000s\000\040\000e\000\040\000R\000e\000g\000i\000s\000t\000r\000o\000s}{chapter.55}% 263
\BOOKMARK [1][-]{section.55.5}{\376\377\000V\000a\000r\000i\000\341\000v\000e\000i\000s}{chapter.55}% 264
\BOOKMARK [0][-]{chapter.56}{\376\377\000U\000n\000i\000t\000\040\000u\000D\000m\000x\000S\000c\000r\000o\000l\000l\000e\000r\000\137\000F\000o\000r\000m\000\137\000L\000c\000l\000\137\000a\000d\000d\000\137\000t\000e\000s\000t\0002}{}% 265
\BOOKMARK [1][-]{section.56.1}{\376\377\000U\000s\000e\000s}{chapter.56}% 266
\BOOKMARK [1][-]{section.56.2}{\376\377\000V\000i\000s\000\343\000o\000\040\000G\000e\000r\000a\000l}{chapter.56}% 267
\BOOKMARK [1][-]{section.56.3}{\376\377\000C\000l\000a\000s\000s\000e\000s\000,\000\040\000I\000n\000t\000e\000r\000f\000a\000c\000e\000s\000,\000\040\000O\000b\000j\000e\000t\000o\000s\000\040\000e\000\040\000R\000e\000g\000i\000s\000t\000r\000o\000s}{chapter.56}% 268
\BOOKMARK [1][-]{section.56.4}{\376\377\000V\000a\000r\000i\000\341\000v\000e\000i\000s}{chapter.56}% 269
\BOOKMARK [0][-]{chapter.57}{\376\377\000U\000n\000i\000t\000\040\000u\000D\000m\000x\000S\000c\000r\000o\000l\000l\000e\000r\000\137\000F\000o\000r\000m\000\137\000L\000c\000l\000\137\000t\000e\000s\000t}{}% 270
\BOOKMARK [1][-]{section.57.1}{\376\377\000D\000e\000s\000c\000r\000i\000\347\000\343\000o}{chapter.57}% 271
\BOOKMARK [1][-]{section.57.2}{\376\377\000U\000s\000e\000s}{chapter.57}% 272
\BOOKMARK [1][-]{section.57.3}{\376\377\000V\000i\000s\000\343\000o\000\040\000G\000e\000r\000a\000l}{chapter.57}% 273
\BOOKMARK [1][-]{section.57.4}{\376\377\000C\000l\000a\000s\000s\000e\000s\000,\000\040\000I\000n\000t\000e\000r\000f\000a\000c\000e\000s\000,\000\040\000O\000b\000j\000e\000t\000o\000s\000\040\000e\000\040\000R\000e\000g\000i\000s\000t\000r\000o\000s}{chapter.57}% 274
\BOOKMARK [1][-]{section.57.5}{\376\377\000C\000o\000n\000s\000t\000a\000n\000t\000e\000s}{chapter.57}% 275
\BOOKMARK [1][-]{section.57.6}{\376\377\000V\000a\000r\000i\000\341\000v\000e\000i\000s}{chapter.57}% 276
\BOOKMARK [0][-]{chapter.58}{\376\377\000U\000n\000i\000t\000\040\000u\000m\000i\000\137\000u\000i\000\137\000b\000i\000t\000b\000t\000n\000\137\000l\000c\000l}{}% 277
\BOOKMARK [1][-]{section.58.1}{\376\377\000U\000s\000e\000s}{chapter.58}% 278
\BOOKMARK [1][-]{section.58.2}{\376\377\000V\000i\000s\000\343\000o\000\040\000G\000e\000r\000a\000l}{chapter.58}% 279
\BOOKMARK [1][-]{section.58.3}{\376\377\000C\000l\000a\000s\000s\000e\000s\000,\000\040\000I\000n\000t\000e\000r\000f\000a\000c\000e\000s\000,\000\040\000O\000b\000j\000e\000t\000o\000s\000\040\000e\000\040\000R\000e\000g\000i\000s\000t\000r\000o\000s}{chapter.58}% 280
\BOOKMARK [1][-]{section.58.4}{\376\377\000F\000u\000n\000\347\000\365\000e\000s\000\040\000e\000\040\000P\000r\000o\000c\000e\000d\000i\000m\000e\000n\000t\000o\000s}{chapter.58}% 281
\BOOKMARK [0][-]{chapter.59}{\376\377\000U\000n\000i\000t\000\040\000u\000m\000i\000\137\000u\000i\000\137\000b\000u\000t\000t\000o\000n\000\137\000l\000c\000l}{}% 282
\BOOKMARK [1][-]{section.59.1}{\376\377\000U\000s\000e\000s}{chapter.59}% 283
\BOOKMARK [1][-]{section.59.2}{\376\377\000V\000i\000s\000\343\000o\000\040\000G\000e\000r\000a\000l}{chapter.59}% 284
\BOOKMARK [1][-]{section.59.3}{\376\377\000C\000l\000a\000s\000s\000e\000s\000,\000\040\000I\000n\000t\000e\000r\000f\000a\000c\000e\000s\000,\000\040\000O\000b\000j\000e\000t\000o\000s\000\040\000e\000\040\000R\000e\000g\000i\000s\000t\000r\000o\000s}{chapter.59}% 285
\BOOKMARK [1][-]{section.59.4}{\376\377\000F\000u\000n\000\347\000\365\000e\000s\000\040\000e\000\040\000P\000r\000o\000c\000e\000d\000i\000m\000e\000n\000t\000o\000s}{chapter.59}% 286
\BOOKMARK [0][-]{chapter.60}{\376\377\000U\000n\000i\000t\000\040\000u\000m\000i\000\137\000u\000i\000\137\000c\000h\000e\000c\000k\000b\000o\000x\000\137\000l\000c\000l}{}% 287
\BOOKMARK [1][-]{section.60.1}{\376\377\000U\000s\000e\000s}{chapter.60}% 288
\BOOKMARK [1][-]{section.60.2}{\376\377\000V\000i\000s\000\343\000o\000\040\000G\000e\000r\000a\000l}{chapter.60}% 289
\BOOKMARK [1][-]{section.60.3}{\376\377\000C\000l\000a\000s\000s\000e\000s\000,\000\040\000I\000n\000t\000e\000r\000f\000a\000c\000e\000s\000,\000\040\000O\000b\000j\000e\000t\000o\000s\000\040\000e\000\040\000R\000e\000g\000i\000s\000t\000r\000o\000s}{chapter.60}% 290
\BOOKMARK [1][-]{section.60.4}{\376\377\000F\000u\000n\000\347\000\365\000e\000s\000\040\000e\000\040\000P\000r\000o\000c\000e\000d\000i\000m\000e\000n\000t\000o\000s}{chapter.60}% 291
\BOOKMARK [0][-]{chapter.61}{\376\377\000U\000n\000i\000t\000\040\000u\000M\000i\000\137\000u\000i\000\137\000C\000o\000m\000b\000o\000B\000o\000x\000\137\000l\000c\000l}{}% 292
\BOOKMARK [1][-]{section.61.1}{\376\377\000U\000s\000e\000s}{chapter.61}% 293
\BOOKMARK [1][-]{section.61.2}{\376\377\000V\000i\000s\000\343\000o\000\040\000G\000e\000r\000a\000l}{chapter.61}% 294
\BOOKMARK [1][-]{section.61.3}{\376\377\000C\000l\000a\000s\000s\000e\000s\000,\000\040\000I\000n\000t\000e\000r\000f\000a\000c\000e\000s\000,\000\040\000O\000b\000j\000e\000t\000o\000s\000\040\000e\000\040\000R\000e\000g\000i\000s\000t\000r\000o\000s}{chapter.61}% 295
\BOOKMARK [1][-]{section.61.4}{\376\377\000F\000u\000n\000\347\000\365\000e\000s\000\040\000e\000\040\000P\000r\000o\000c\000e\000d\000i\000m\000e\000n\000t\000o\000s}{chapter.61}% 296
\BOOKMARK [0][-]{chapter.62}{\376\377\000U\000n\000i\000t\000\040\000u\000M\000i\000\137\000U\000i\000\137\000D\000B\000C\000h\000e\000c\000k\000B\000o\000x\000\137\000L\000c\000l}{}% 297
\BOOKMARK [1][-]{section.62.1}{\376\377\000U\000s\000e\000s}{chapter.62}% 298
\BOOKMARK [1][-]{section.62.2}{\376\377\000V\000i\000s\000\343\000o\000\040\000G\000e\000r\000a\000l}{chapter.62}% 299
\BOOKMARK [1][-]{section.62.3}{\376\377\000C\000l\000a\000s\000s\000e\000s\000,\000\040\000I\000n\000t\000e\000r\000f\000a\000c\000e\000s\000,\000\040\000O\000b\000j\000e\000t\000o\000s\000\040\000e\000\040\000R\000e\000g\000i\000s\000t\000r\000o\000s}{chapter.62}% 300
\BOOKMARK [1][-]{section.62.4}{\376\377\000F\000u\000n\000\347\000\365\000e\000s\000\040\000e\000\040\000P\000r\000o\000c\000e\000d\000i\000m\000e\000n\000t\000o\000s}{chapter.62}% 301
\BOOKMARK [0][-]{chapter.63}{\376\377\000U\000n\000i\000t\000\040\000u\000M\000i\000\137\000U\000i\000\137\000D\000b\000C\000o\000m\000b\000o\000B\000o\000x\000\137\000l\000c\000l}{}% 302
\BOOKMARK [1][-]{section.63.1}{\376\377\000U\000s\000e\000s}{chapter.63}% 303
\BOOKMARK [1][-]{section.63.2}{\376\377\000V\000i\000s\000\343\000o\000\040\000G\000e\000r\000a\000l}{chapter.63}% 304
\BOOKMARK [1][-]{section.63.3}{\376\377\000C\000l\000a\000s\000s\000e\000s\000,\000\040\000I\000n\000t\000e\000r\000f\000a\000c\000e\000s\000,\000\040\000O\000b\000j\000e\000t\000o\000s\000\040\000e\000\040\000R\000e\000g\000i\000s\000t\000r\000o\000s}{chapter.63}% 305
\BOOKMARK [1][-]{section.63.4}{\376\377\000F\000u\000n\000\347\000\365\000e\000s\000\040\000e\000\040\000P\000r\000o\000c\000e\000d\000i\000m\000e\000n\000t\000o\000s}{chapter.63}% 306
\BOOKMARK [0][-]{chapter.64}{\376\377\000U\000n\000i\000t\000\040\000u\000M\000I\000\137\000u\000i\000\137\000D\000b\000E\000d\000i\000t\000\137\000L\000C\000L}{}% 307
\BOOKMARK [1][-]{section.64.1}{\376\377\000U\000s\000e\000s}{chapter.64}% 308
\BOOKMARK [1][-]{section.64.2}{\376\377\000V\000i\000s\000\343\000o\000\040\000G\000e\000r\000a\000l}{chapter.64}% 309
\BOOKMARK [1][-]{section.64.3}{\376\377\000C\000l\000a\000s\000s\000e\000s\000,\000\040\000I\000n\000t\000e\000r\000f\000a\000c\000e\000s\000,\000\040\000O\000b\000j\000e\000t\000o\000s\000\040\000e\000\040\000R\000e\000g\000i\000s\000t\000r\000o\000s}{chapter.64}% 310
\BOOKMARK [1][-]{section.64.4}{\376\377\000F\000u\000n\000\347\000\365\000e\000s\000\040\000e\000\040\000P\000r\000o\000c\000e\000d\000i\000m\000e\000n\000t\000o\000s}{chapter.64}% 311
\BOOKMARK [0][-]{chapter.65}{\376\377\000U\000n\000i\000t\000\040\000u\000m\000i\000\137\000u\000i\000\137\000d\000b\000l\000o\000o\000k\000u\000p\000C\000o\000m\000b\000o\000B\000o\000x\000\137\000l\000c\000l}{}% 312
\BOOKMARK [1][-]{section.65.1}{\376\377\000U\000s\000e\000s}{chapter.65}% 313
\BOOKMARK [1][-]{section.65.2}{\376\377\000V\000i\000s\000\343\000o\000\040\000G\000e\000r\000a\000l}{chapter.65}% 314
\BOOKMARK [1][-]{section.65.3}{\376\377\000C\000l\000a\000s\000s\000e\000s\000,\000\040\000I\000n\000t\000e\000r\000f\000a\000c\000e\000s\000,\000\040\000O\000b\000j\000e\000t\000o\000s\000\040\000e\000\040\000R\000e\000g\000i\000s\000t\000r\000o\000s}{chapter.65}% 315
\BOOKMARK [1][-]{section.65.4}{\376\377\000F\000u\000n\000\347\000\365\000e\000s\000\040\000e\000\040\000P\000r\000o\000c\000e\000d\000i\000m\000e\000n\000t\000o\000s}{chapter.65}% 316
\BOOKMARK [0][-]{chapter.66}{\376\377\000U\000n\000i\000t\000\040\000u\000M\000I\000\137\000u\000i\000\137\000D\000b\000R\000a\000d\000i\000o\000G\000r\000o\000u\000p\000\137\000L\000c\000l}{}% 317
\BOOKMARK [1][-]{section.66.1}{\376\377\000U\000s\000e\000s}{chapter.66}% 318
\BOOKMARK [1][-]{section.66.2}{\376\377\000V\000i\000s\000\343\000o\000\040\000G\000e\000r\000a\000l}{chapter.66}% 319
\BOOKMARK [1][-]{section.66.3}{\376\377\000C\000l\000a\000s\000s\000e\000s\000,\000\040\000I\000n\000t\000e\000r\000f\000a\000c\000e\000s\000,\000\040\000O\000b\000j\000e\000t\000o\000s\000\040\000e\000\040\000R\000e\000g\000i\000s\000t\000r\000o\000s}{chapter.66}% 320
\BOOKMARK [1][-]{section.66.4}{\376\377\000F\000u\000n\000\347\000\365\000e\000s\000\040\000e\000\040\000P\000r\000o\000c\000e\000d\000i\000m\000e\000n\000t\000o\000s}{chapter.66}% 321
\BOOKMARK [0][-]{chapter.67}{\376\377\000U\000n\000i\000t\000\040\000u\000m\000i\000\137\000u\000i\000\137\000d\000m\000x\000s\000c\000r\000o\000l\000l\000e\000r\000\137\000f\000o\000r\000m\000\137\000l\000c\000l\000\137\000a\000t\000t\000r\000i\000b\000u\000t\000e\000s}{}% 322
\BOOKMARK [1][-]{section.67.1}{\376\377\000D\000e\000s\000c\000r\000i\000\347\000\343\000o}{chapter.67}% 323
\BOOKMARK [1][-]{section.67.2}{\376\377\000U\000s\000e\000s}{chapter.67}% 324
\BOOKMARK [1][-]{section.67.3}{\376\377\000V\000i\000s\000\343\000o\000\040\000G\000e\000r\000a\000l}{chapter.67}% 325
\BOOKMARK [1][-]{section.67.4}{\376\377\000C\000l\000a\000s\000s\000e\000s\000,\000\040\000I\000n\000t\000e\000r\000f\000a\000c\000e\000s\000,\000\040\000O\000b\000j\000e\000t\000o\000s\000\040\000e\000\040\000R\000e\000g\000i\000s\000t\000r\000o\000s}{chapter.67}% 326
\BOOKMARK [0][-]{chapter.68}{\376\377\000U\000n\000i\000t\000\040\000u\000m\000i\000\137\000u\000i\000\137\000d\000m\000x\000s\000c\000r\000o\000l\000l\000e\000r\000\137\000f\000o\000r\000m\000\137\000l\000c\000l\000\137\000b\000a\000s\000e}{}% 327
\BOOKMARK [1][-]{section.68.1}{\376\377\000U\000s\000e\000s}{chapter.68}% 328
\BOOKMARK [0][-]{chapter.69}{\376\377\000U\000n\000i\000t\000\040\000u\000m\000i\000\137\000u\000i\000\137\000d\000m\000x\000s\000c\000r\000o\000l\000l\000e\000r\000\137\000f\000o\000r\000m\000\137\000l\000c\000l\000\137\000d\000s}{}% 329
\BOOKMARK [1][-]{section.69.1}{\376\377\000D\000e\000s\000c\000r\000i\000\347\000\343\000o}{chapter.69}% 330
\BOOKMARK [1][-]{section.69.2}{\376\377\000U\000s\000e\000s}{chapter.69}% 331
\BOOKMARK [1][-]{section.69.3}{\376\377\000V\000i\000s\000\343\000o\000\040\000G\000e\000r\000a\000l}{chapter.69}% 332
\BOOKMARK [1][-]{section.69.4}{\376\377\000C\000l\000a\000s\000s\000e\000s\000,\000\040\000I\000n\000t\000e\000r\000f\000a\000c\000e\000s\000,\000\040\000O\000b\000j\000e\000t\000o\000s\000\040\000e\000\040\000R\000e\000g\000i\000s\000t\000r\000o\000s}{chapter.69}% 333
\BOOKMARK [1][-]{section.69.5}{\376\377\000F\000u\000n\000\347\000\365\000e\000s\000\040\000e\000\040\000P\000r\000o\000c\000e\000d\000i\000m\000e\000n\000t\000o\000s}{chapter.69}% 334
\BOOKMARK [1][-]{section.69.6}{\376\377\000T\000i\000p\000o\000s}{chapter.69}% 335
\BOOKMARK [1][-]{section.69.7}{\376\377\000C\000o\000n\000s\000t\000a\000n\000t\000e\000s}{chapter.69}% 336
\BOOKMARK [0][-]{chapter.70}{\376\377\000U\000n\000i\000t\000\040\000u\000M\000i\000\137\000u\000i\000\137\000D\000m\000x\000S\000c\000r\000o\000l\000l\000e\000r\000\137\000F\000o\000r\000m\000\137\000L\000c\000l\000\137\000d\000s\000\137\000t\000e\000s\000t}{}% 337
\BOOKMARK [1][-]{section.70.1}{\376\377\000U\000s\000e\000s}{chapter.70}% 338
\BOOKMARK [1][-]{section.70.2}{\376\377\000V\000i\000s\000\343\000o\000\040\000G\000e\000r\000a\000l}{chapter.70}% 339
\BOOKMARK [1][-]{section.70.3}{\376\377\000C\000l\000a\000s\000s\000e\000s\000,\000\040\000I\000n\000t\000e\000r\000f\000a\000c\000e\000s\000,\000\040\000O\000b\000j\000e\000t\000o\000s\000\040\000e\000\040\000R\000e\000g\000i\000s\000t\000r\000o\000s}{chapter.70}% 340
\BOOKMARK [1][-]{section.70.4}{\376\377\000V\000a\000r\000i\000\341\000v\000e\000i\000s}{chapter.70}% 341
\BOOKMARK [0][-]{chapter.71}{\376\377\000U\000n\000i\000t\000\040\000u\000M\000i\000\137\000u\000i\000\137\000D\000m\000x\000S\000c\000r\000o\000l\000l\000e\000r\000\137\000F\000o\000r\000m\000\137\000L\000c\000l\000\137\000d\000s\000\137\000t\000e\000s\000t\0002}{}% 342
\BOOKMARK [1][-]{section.71.1}{\376\377\000U\000s\000e\000s}{chapter.71}% 343
\BOOKMARK [1][-]{section.71.2}{\376\377\000V\000i\000s\000\343\000o\000\040\000G\000e\000r\000a\000l}{chapter.71}% 344
\BOOKMARK [1][-]{section.71.3}{\376\377\000C\000l\000a\000s\000s\000e\000s\000,\000\040\000I\000n\000t\000e\000r\000f\000a\000c\000e\000s\000,\000\040\000O\000b\000j\000e\000t\000o\000s\000\040\000e\000\040\000R\000e\000g\000i\000s\000t\000r\000o\000s}{chapter.71}% 345
\BOOKMARK [1][-]{section.71.4}{\376\377\000V\000a\000r\000i\000\341\000v\000e\000i\000s}{chapter.71}% 346
\BOOKMARK [0][-]{chapter.72}{\376\377\000U\000n\000i\000t\000\040\000u\000M\000i\000\137\000u\000i\000\137\000D\000m\000x\000S\000c\000r\000o\000l\000l\000e\000r\000\137\000F\000o\000r\000m\000\137\000L\000c\000l\000\137\000d\000s\000\137\000t\000e\000s\000t\0002\000\137\000d\000m}{}% 347
\BOOKMARK [1][-]{section.72.1}{\376\377\000U\000s\000e\000s}{chapter.72}% 348
\BOOKMARK [1][-]{section.72.2}{\376\377\000V\000i\000s\000\343\000o\000\040\000G\000e\000r\000a\000l}{chapter.72}% 349
\BOOKMARK [1][-]{section.72.3}{\376\377\000C\000l\000a\000s\000s\000e\000s\000,\000\040\000I\000n\000t\000e\000r\000f\000a\000c\000e\000s\000,\000\040\000O\000b\000j\000e\000t\000o\000s\000\040\000e\000\040\000R\000e\000g\000i\000s\000t\000r\000o\000s}{chapter.72}% 350
\BOOKMARK [1][-]{section.72.4}{\376\377\000V\000a\000r\000i\000\341\000v\000e\000i\000s}{chapter.72}% 351
\BOOKMARK [0][-]{chapter.73}{\376\377\000U\000n\000i\000t\000\040\000u\000M\000i\000\137\000u\000i\000\137\000D\000m\000x\000S\000c\000r\000o\000l\000l\000e\000r\000\137\000F\000o\000r\000m\000\137\000L\000c\000l\000\137\000d\000s\000\137\000t\000e\000s\000t\000\137\000d\000m}{}% 352
\BOOKMARK [1][-]{section.73.1}{\376\377\000U\000s\000e\000s}{chapter.73}% 353
\BOOKMARK [1][-]{section.73.2}{\376\377\000V\000i\000s\000\343\000o\000\040\000G\000e\000r\000a\000l}{chapter.73}% 354
\BOOKMARK [1][-]{section.73.3}{\376\377\000C\000l\000a\000s\000s\000e\000s\000,\000\040\000I\000n\000t\000e\000r\000f\000a\000c\000e\000s\000,\000\040\000O\000b\000j\000e\000t\000o\000s\000\040\000e\000\040\000R\000e\000g\000i\000s\000t\000r\000o\000s}{chapter.73}% 355
\BOOKMARK [1][-]{section.73.4}{\376\377\000V\000a\000r\000i\000\341\000v\000e\000i\000s}{chapter.73}% 356
\BOOKMARK [0][-]{chapter.74}{\376\377\000U\000n\000i\000t\000\040\000u\000M\000I\000\137\000U\000I\000\137\000I\000n\000p\000u\000t\000B\000o\000x}{}% 357
\BOOKMARK [1][-]{section.74.1}{\376\377\000D\000e\000s\000c\000r\000i\000\347\000\343\000o}{chapter.74}% 358
\BOOKMARK [1][-]{section.74.2}{\376\377\000U\000s\000e\000s}{chapter.74}% 359
\BOOKMARK [1][-]{section.74.3}{\376\377\000V\000i\000s\000\343\000o\000\040\000G\000e\000r\000a\000l}{chapter.74}% 360
\BOOKMARK [1][-]{section.74.4}{\376\377\000C\000l\000a\000s\000s\000e\000s\000,\000\040\000I\000n\000t\000e\000r\000f\000a\000c\000e\000s\000,\000\040\000O\000b\000j\000e\000t\000o\000s\000\040\000e\000\040\000R\000e\000g\000i\000s\000t\000r\000o\000s}{chapter.74}% 361
\BOOKMARK [1][-]{section.74.5}{\376\377\000F\000u\000n\000\347\000\365\000e\000s\000\040\000e\000\040\000P\000r\000o\000c\000e\000d\000i\000m\000e\000n\000t\000o\000s}{chapter.74}% 362
\BOOKMARK [1][-]{section.74.6}{\376\377\000T\000i\000p\000o\000s}{chapter.74}% 363
\BOOKMARK [0][-]{chapter.75}{\376\377\000U\000n\000i\000t\000\040\000u\000m\000i\000\137\000u\000i\000\137\000I\000n\000p\000u\000t\000B\000o\000x\000\137\000l\000c\000l}{}% 364
\BOOKMARK [1][-]{section.75.1}{\376\377\000D\000e\000s\000c\000r\000i\000\347\000\343\000o}{chapter.75}% 365
\BOOKMARK [1][-]{section.75.2}{\376\377\000U\000s\000e\000s}{chapter.75}% 366
\BOOKMARK [1][-]{section.75.3}{\376\377\000V\000i\000s\000\343\000o\000\040\000G\000e\000r\000a\000l}{chapter.75}% 367
\BOOKMARK [1][-]{section.75.4}{\376\377\000C\000l\000a\000s\000s\000e\000s\000,\000\040\000I\000n\000t\000e\000r\000f\000a\000c\000e\000s\000,\000\040\000O\000b\000j\000e\000t\000o\000s\000\040\000e\000\040\000R\000e\000g\000i\000s\000t\000r\000o\000s}{chapter.75}% 368
\BOOKMARK [1][-]{section.75.5}{\376\377\000F\000u\000n\000\347\000\365\000e\000s\000\040\000e\000\040\000P\000r\000o\000c\000e\000d\000i\000m\000e\000n\000t\000o\000s}{chapter.75}% 369
\BOOKMARK [1][-]{section.75.6}{\376\377\000T\000i\000p\000o\000s}{chapter.75}% 370
\BOOKMARK [0][-]{chapter.76}{\376\377\000U\000n\000i\000t\000\040\000u\000m\000i\000\137\000u\000i\000\137\000i\000n\000p\000u\000t\000b\000o\000x\000\137\000l\000c\000l\000\137\000t\000e\000s\000t}{}% 371
\BOOKMARK [1][-]{section.76.1}{\376\377\000U\000s\000e\000s}{chapter.76}% 372
\BOOKMARK [1][-]{section.76.2}{\376\377\000V\000i\000s\000\343\000o\000\040\000G\000e\000r\000a\000l}{chapter.76}% 373
\BOOKMARK [1][-]{section.76.3}{\376\377\000F\000u\000n\000\347\000\365\000e\000s\000\040\000e\000\040\000P\000r\000o\000c\000e\000d\000i\000m\000e\000n\000t\000o\000s}{chapter.76}% 374
\BOOKMARK [0][-]{chapter.77}{\376\377\000U\000n\000i\000t\000\040\000u\000M\000i\000\137\000u\000i\000\137\000L\000a\000b\000e\000l\000\137\000l\000c\000l}{}% 375
\BOOKMARK [1][-]{section.77.1}{\376\377\000U\000s\000e\000s}{chapter.77}% 376
\BOOKMARK [1][-]{section.77.2}{\376\377\000V\000i\000s\000\343\000o\000\040\000G\000e\000r\000a\000l}{chapter.77}% 377
\BOOKMARK [1][-]{section.77.3}{\376\377\000C\000l\000a\000s\000s\000e\000s\000,\000\040\000I\000n\000t\000e\000r\000f\000a\000c\000e\000s\000,\000\040\000O\000b\000j\000e\000t\000o\000s\000\040\000e\000\040\000R\000e\000g\000i\000s\000t\000r\000o\000s}{chapter.77}% 378
\BOOKMARK [1][-]{section.77.4}{\376\377\000F\000u\000n\000\347\000\365\000e\000s\000\040\000e\000\040\000P\000r\000o\000c\000e\000d\000i\000m\000e\000n\000t\000o\000s}{chapter.77}% 379
\BOOKMARK [0][-]{chapter.78}{\376\377\000U\000n\000i\000t\000\040\000u\000M\000i\000\137\000u\000i\000\137\000m\000a\000s\000k\000e\000d\000i\000t\000\137\000l\000c\000l}{}% 380
\BOOKMARK [1][-]{section.78.1}{\376\377\000U\000s\000e\000s}{chapter.78}% 381
\BOOKMARK [1][-]{section.78.2}{\376\377\000V\000i\000s\000\343\000o\000\040\000G\000e\000r\000a\000l}{chapter.78}% 382
\BOOKMARK [1][-]{section.78.3}{\376\377\000C\000l\000a\000s\000s\000e\000s\000,\000\040\000I\000n\000t\000e\000r\000f\000a\000c\000e\000s\000,\000\040\000O\000b\000j\000e\000t\000o\000s\000\040\000e\000\040\000R\000e\000g\000i\000s\000t\000r\000o\000s}{chapter.78}% 383
\BOOKMARK [1][-]{section.78.4}{\376\377\000F\000u\000n\000\347\000\365\000e\000s\000\040\000e\000\040\000P\000r\000o\000c\000e\000d\000i\000m\000e\000n\000t\000o\000s}{chapter.78}% 384
\BOOKMARK [0][-]{chapter.79}{\376\377\000U\000n\000i\000t\000\040\000u\000m\000i\000\137\000u\000i\000\137\000m\000i\000\137\000m\000s\000g\000b\000o\000x\000\137\000d\000m}{}% 385
\BOOKMARK [1][-]{section.79.1}{\376\377\000U\000s\000e\000s}{chapter.79}% 386
\BOOKMARK [1][-]{section.79.2}{\376\377\000V\000i\000s\000\343\000o\000\040\000G\000e\000r\000a\000l}{chapter.79}% 387
\BOOKMARK [1][-]{section.79.3}{\376\377\000C\000l\000a\000s\000s\000e\000s\000,\000\040\000I\000n\000t\000e\000r\000f\000a\000c\000e\000s\000,\000\040\000O\000b\000j\000e\000t\000o\000s\000\040\000e\000\040\000R\000e\000g\000i\000s\000t\000r\000o\000s}{chapter.79}% 388
\BOOKMARK [1][-]{section.79.4}{\376\377\000F\000u\000n\000\347\000\365\000e\000s\000\040\000e\000\040\000P\000r\000o\000c\000e\000d\000i\000m\000e\000n\000t\000o\000s}{chapter.79}% 389
\BOOKMARK [0][-]{chapter.80}{\376\377\000U\000n\000i\000t\000\040\000u\000m\000i\000\137\000u\000i\000\137\000r\000a\000d\000i\000o\000g\000r\000o\000u\000p\000\137\000l\000c\000l}{}% 390
\BOOKMARK [1][-]{section.80.1}{\376\377\000U\000s\000e\000s}{chapter.80}% 391
\BOOKMARK [1][-]{section.80.2}{\376\377\000V\000i\000s\000\343\000o\000\040\000G\000e\000r\000a\000l}{chapter.80}% 392
\BOOKMARK [1][-]{section.80.3}{\376\377\000C\000l\000a\000s\000s\000e\000s\000,\000\040\000I\000n\000t\000e\000r\000f\000a\000c\000e\000s\000,\000\040\000O\000b\000j\000e\000t\000o\000s\000\040\000e\000\040\000R\000e\000g\000i\000s\000t\000r\000o\000s}{chapter.80}% 393
\BOOKMARK [1][-]{section.80.4}{\376\377\000F\000u\000n\000\347\000\365\000e\000s\000\040\000e\000\040\000P\000r\000o\000c\000e\000d\000i\000m\000e\000n\000t\000o\000s}{chapter.80}% 394
\BOOKMARK [0][-]{chapter.81}{\376\377\000U\000n\000i\000t\000\040\000u\000M\000i\000\137\000u\000i\000\137\000s\000c\000r\000o\000l\000l\000b\000o\000x\000\137\000l\000c\000l}{}% 395
\BOOKMARK [1][-]{section.81.1}{\376\377\000D\000e\000s\000c\000r\000i\000\347\000\343\000o}{chapter.81}% 396
\BOOKMARK [1][-]{section.81.2}{\376\377\000U\000s\000e\000s}{chapter.81}% 397
\BOOKMARK [1][-]{section.81.3}{\376\377\000V\000i\000s\000\343\000o\000\040\000G\000e\000r\000a\000l}{chapter.81}% 398
\BOOKMARK [1][-]{section.81.4}{\376\377\000C\000l\000a\000s\000s\000e\000s\000,\000\040\000I\000n\000t\000e\000r\000f\000a\000c\000e\000s\000,\000\040\000O\000b\000j\000e\000t\000o\000s\000\040\000e\000\040\000R\000e\000g\000i\000s\000t\000r\000o\000s}{chapter.81}% 399
\BOOKMARK [1][-]{section.81.5}{\376\377\000F\000u\000n\000\347\000\365\000e\000s\000\040\000e\000\040\000P\000r\000o\000c\000e\000d\000i\000m\000e\000n\000t\000o\000s}{chapter.81}% 400
\BOOKMARK [1][-]{section.81.6}{\376\377\000T\000i\000p\000o\000s}{chapter.81}% 401
\BOOKMARK [0][-]{chapter.82}{\376\377\000U\000n\000i\000t\000\040\000U\000n\000i\000t\0001}{}% 402
\BOOKMARK [1][-]{section.82.1}{\376\377\000U\000s\000e\000s}{chapter.82}% 403
\BOOKMARK [1][-]{section.82.2}{\376\377\000V\000i\000s\000\343\000o\000\040\000G\000e\000r\000a\000l}{chapter.82}% 404
\BOOKMARK [1][-]{section.82.3}{\376\377\000C\000l\000a\000s\000s\000e\000s\000,\000\040\000I\000n\000t\000e\000r\000f\000a\000c\000e\000s\000,\000\040\000O\000b\000j\000e\000t\000o\000s\000\040\000e\000\040\000R\000e\000g\000i\000s\000t\000r\000o\000s}{chapter.82}% 405
\BOOKMARK [1][-]{section.82.4}{\376\377\000V\000a\000r\000i\000\341\000v\000e\000i\000s}{chapter.82}% 406
